Determining if the atomic_fetchadd_long exist failed with the following output:
Change Dir: /graph_assembler/assemblers/spades/build_spades/CMakeFiles/CMakeTmp

Run Build Command:"/usr/bin/make" "cmTC_9b62a/fast"
/usr/bin/make -f CMakeFiles/cmTC_9b62a.dir/build.make CMakeFiles/cmTC_9b62a.dir/build
make[1]: Entering directory '/graph_assembler/assemblers/spades/build_spades/CMakeFiles/CMakeTmp'
Building C object CMakeFiles/cmTC_9b62a.dir/CheckSymbolExists.c.o
/usr/bin/cc    -fopenmp    -o CMakeFiles/cmTC_9b62a.dir/CheckSymbolExists.c.o   -c /graph_assembler/assemblers/spades/build_spades/CMakeFiles/CMakeTmp/CheckSymbolExists.c
/graph_assembler/assemblers/spades/build_spades/CMakeFiles/CMakeTmp/CheckSymbolExists.c:3:28: fatal error: machine/atomic.h: No such file or directory
compilation terminated.
CMakeFiles/cmTC_9b62a.dir/build.make:65: recipe for target 'CMakeFiles/cmTC_9b62a.dir/CheckSymbolExists.c.o' failed
make[1]: *** [CMakeFiles/cmTC_9b62a.dir/CheckSymbolExists.c.o] Error 1
make[1]: Leaving directory '/graph_assembler/assemblers/spades/build_spades/CMakeFiles/CMakeTmp'
Makefile:126: recipe for target 'cmTC_9b62a/fast' failed
make: *** [cmTC_9b62a/fast] Error 2

File /graph_assembler/assemblers/spades/build_spades/CMakeFiles/CMakeTmp/CheckSymbolExists.c:
/* */
#include <sys/types.h>
#include <machine/atomic.h>
#include <inttypes.h>

int main(int argc, char** argv)
{
  (void)argv;
#ifndef atomic_fetchadd_long
  return ((int*)(&atomic_fetchadd_long))[argc];
#else
  (void)argc;
  return 0;
#endif
}

Determining if the OSAtomicAdd64 exist failed with the following output:
Change Dir: /graph_assembler/assemblers/spades/build_spades/CMakeFiles/CMakeTmp

Run Build Command:"/usr/bin/make" "cmTC_05be4/fast"
/usr/bin/make -f CMakeFiles/cmTC_05be4.dir/build.make CMakeFiles/cmTC_05be4.dir/build
make[1]: Entering directory '/graph_assembler/assemblers/spades/build_spades/CMakeFiles/CMakeTmp'
Building C object CMakeFiles/cmTC_05be4.dir/CheckSymbolExists.c.o
/usr/bin/cc    -fopenmp    -o CMakeFiles/cmTC_05be4.dir/CheckSymbolExists.c.o   -c /graph_assembler/assemblers/spades/build_spades/CMakeFiles/CMakeTmp/CheckSymbolExists.c
/graph_assembler/assemblers/spades/build_spades/CMakeFiles/CMakeTmp/CheckSymbolExists.c:2:30: fatal error: libkern/OSAtomic.h: No such file or directory
compilation terminated.
CMakeFiles/cmTC_05be4.dir/build.make:65: recipe for target 'CMakeFiles/cmTC_05be4.dir/CheckSymbolExists.c.o' failed
make[1]: *** [CMakeFiles/cmTC_05be4.dir/CheckSymbolExists.c.o] Error 1
make[1]: Leaving directory '/graph_assembler/assemblers/spades/build_spades/CMakeFiles/CMakeTmp'
Makefile:126: recipe for target 'cmTC_05be4/fast' failed
make: *** [cmTC_05be4/fast] Error 2

File /graph_assembler/assemblers/spades/build_spades/CMakeFiles/CMakeTmp/CheckSymbolExists.c:
/* */
#include <libkern/OSAtomic.h>
#include <inttypes.h>

int main(int argc, char** argv)
{
  (void)argv;
#ifndef OSAtomicAdd64
  return ((int*)(&OSAtomicAdd64))[argc];
#else
  (void)argc;
  return 0;
#endif
}

Determining if the OSSpinLockLock exist failed with the following output:
Change Dir: /graph_assembler/assemblers/spades/build_spades/CMakeFiles/CMakeTmp

Run Build Command:"/usr/bin/make" "cmTC_6265f/fast"
/usr/bin/make -f CMakeFiles/cmTC_6265f.dir/build.make CMakeFiles/cmTC_6265f.dir/build
make[1]: Entering directory '/graph_assembler/assemblers/spades/build_spades/CMakeFiles/CMakeTmp'
Building C object CMakeFiles/cmTC_6265f.dir/CheckSymbolExists.c.o
/usr/bin/cc    -fopenmp    -o CMakeFiles/cmTC_6265f.dir/CheckSymbolExists.c.o   -c /graph_assembler/assemblers/spades/build_spades/CMakeFiles/CMakeTmp/CheckSymbolExists.c
/graph_assembler/assemblers/spades/build_spades/CMakeFiles/CMakeTmp/CheckSymbolExists.c:2:30: fatal error: libkern/OSAtomic.h: No such file or directory
compilation terminated.
CMakeFiles/cmTC_6265f.dir/build.make:65: recipe for target 'CMakeFiles/cmTC_6265f.dir/CheckSymbolExists.c.o' failed
make[1]: *** [CMakeFiles/cmTC_6265f.dir/CheckSymbolExists.c.o] Error 1
make[1]: Leaving directory '/graph_assembler/assemblers/spades/build_spades/CMakeFiles/CMakeTmp'
Makefile:126: recipe for target 'cmTC_6265f/fast' failed
make: *** [cmTC_6265f/fast] Error 2

File /graph_assembler/assemblers/spades/build_spades/CMakeFiles/CMakeTmp/CheckSymbolExists.c:
/* */
#include <libkern/OSAtomic.h>
#include <inttypes.h>

int main(int argc, char** argv)
{
  (void)argv;
#ifndef OSSpinLockLock
  return ((int*)(&OSSpinLockLock))[argc];
#else
  (void)argc;
  return 0;
#endif
}

Determining if the function _malloc_thread_cleanup exists failed with the following output:
Change Dir: /graph_assembler/assemblers/spades/build_spades/CMakeFiles/CMakeTmp

Run Build Command:"/usr/bin/make" "cmTC_d2360/fast"
/usr/bin/make -f CMakeFiles/cmTC_d2360.dir/build.make CMakeFiles/cmTC_d2360.dir/build
make[1]: Entering directory '/graph_assembler/assemblers/spades/build_spades/CMakeFiles/CMakeTmp'
Building C object CMakeFiles/cmTC_d2360.dir/CheckFunctionExists.c.o
/usr/bin/cc    -fopenmp -DCHECK_FUNCTION_EXISTS=_malloc_thread_cleanup   -o CMakeFiles/cmTC_d2360.dir/CheckFunctionExists.c.o   -c /usr/share/cmake-3.5/Modules/CheckFunctionExists.c
Linking C executable cmTC_d2360
/usr/bin/cmake -E cmake_link_script CMakeFiles/cmTC_d2360.dir/link.txt --verbose=1
/usr/bin/cc   -fopenmp -DCHECK_FUNCTION_EXISTS=_malloc_thread_cleanup    CMakeFiles/cmTC_d2360.dir/CheckFunctionExists.c.o  -o cmTC_d2360 -rdynamic 
CMakeFiles/cmTC_d2360.dir/CheckFunctionExists.c.o: In function `main':
CheckFunctionExists.c:(.text+0x15): undefined reference to `_malloc_thread_cleanup'
collect2: error: ld returned 1 exit status
CMakeFiles/cmTC_d2360.dir/build.make:97: recipe for target 'cmTC_d2360' failed
make[1]: *** [cmTC_d2360] Error 1
make[1]: Leaving directory '/graph_assembler/assemblers/spades/build_spades/CMakeFiles/CMakeTmp'
Makefile:126: recipe for target 'cmTC_d2360/fast' failed
make: *** [cmTC_d2360/fast] Error 2


Determining if the function _pthread_mutex_init_calloc_cb, exists failed with the following output:
Change Dir: /graph_assembler/assemblers/spades/build_spades/CMakeFiles/CMakeTmp

Run Build Command:"/usr/bin/make" "cmTC_a6c2c/fast"
/usr/bin/make -f CMakeFiles/cmTC_a6c2c.dir/build.make CMakeFiles/cmTC_a6c2c.dir/build
make[1]: Entering directory '/graph_assembler/assemblers/spades/build_spades/CMakeFiles/CMakeTmp'
Building C object CMakeFiles/cmTC_a6c2c.dir/CheckFunctionExists.c.o
/usr/bin/cc    -fopenmp -DCHECK_FUNCTION_EXISTS=_pthread_mutex_init_calloc_cb,   -o CMakeFiles/cmTC_a6c2c.dir/CheckFunctionExists.c.o   -c /usr/share/cmake-3.5/Modules/CheckFunctionExists.c
/usr/share/cmake-3.5/Modules/CheckFunctionExists.c:6:28: error: expected identifier or '(' before ')' token
 char CHECK_FUNCTION_EXISTS();
                            ^
/usr/share/cmake-3.5/Modules/CheckFunctionExists.c: In function 'main':
/usr/share/cmake-3.5/Modules/CheckFunctionExists.c:14:25: error: expected expression before ')' token
   CHECK_FUNCTION_EXISTS();
                         ^
CMakeFiles/cmTC_a6c2c.dir/build.make:65: recipe for target 'CMakeFiles/cmTC_a6c2c.dir/CheckFunctionExists.c.o' failed
make[1]: *** [CMakeFiles/cmTC_a6c2c.dir/CheckFunctionExists.c.o] Error 1
make[1]: Leaving directory '/graph_assembler/assemblers/spades/build_spades/CMakeFiles/CMakeTmp'
Makefile:126: recipe for target 'cmTC_a6c2c/fast' failed
make: *** [cmTC_a6c2c/fast] Error 2


Determining if files cxxabi.h exist failed with the following output:
Change Dir: /graph_assembler/assemblers/spades/build_spades/CMakeFiles/CMakeTmp

Run Build Command:"/usr/bin/make" "cmTC_d6791/fast"
/usr/bin/make -f CMakeFiles/cmTC_d6791.dir/build.make CMakeFiles/cmTC_d6791.dir/build
make[1]: Entering directory '/graph_assembler/assemblers/spades/build_spades/CMakeFiles/CMakeTmp'
Building C object CMakeFiles/cmTC_d6791.dir/CheckIncludeFiles.c.o
/usr/bin/cc    -fopenmp    -o CMakeFiles/cmTC_d6791.dir/CheckIncludeFiles.c.o   -c /graph_assembler/assemblers/spades/build_spades/CMakeFiles/CMakeTmp/CheckIncludeFiles.c
/graph_assembler/assemblers/spades/build_spades/CMakeFiles/CMakeTmp/CheckIncludeFiles.c:2:20: fatal error: cxxabi.h: No such file or directory
compilation terminated.
CMakeFiles/cmTC_d6791.dir/build.make:65: recipe for target 'CMakeFiles/cmTC_d6791.dir/CheckIncludeFiles.c.o' failed
make[1]: *** [CMakeFiles/cmTC_d6791.dir/CheckIncludeFiles.c.o] Error 1
make[1]: Leaving directory '/graph_assembler/assemblers/spades/build_spades/CMakeFiles/CMakeTmp'
Makefile:126: recipe for target 'cmTC_d6791/fast' failed
make: *** [cmTC_d6791/fast] Error 2

Source:
/* */
#include <cxxabi.h>


int main(void){return 0;}

Determining if files mach/mach.h exist failed with the following output:
Change Dir: /graph_assembler/assemblers/spades/build_spades/CMakeFiles/CMakeTmp

Run Build Command:"/usr/bin/make" "cmTC_b26c5/fast"
/usr/bin/make -f CMakeFiles/cmTC_b26c5.dir/build.make CMakeFiles/cmTC_b26c5.dir/build
make[1]: Entering directory '/graph_assembler/assemblers/spades/build_spades/CMakeFiles/CMakeTmp'
Building C object CMakeFiles/cmTC_b26c5.dir/CheckIncludeFiles.c.o
/usr/bin/cc    -fopenmp    -o CMakeFiles/cmTC_b26c5.dir/CheckIncludeFiles.c.o   -c /graph_assembler/assemblers/spades/build_spades/CMakeFiles/CMakeTmp/CheckIncludeFiles.c
/graph_assembler/assemblers/spades/build_spades/CMakeFiles/CMakeTmp/CheckIncludeFiles.c:2:23: fatal error: mach/mach.h: No such file or directory
compilation terminated.
CMakeFiles/cmTC_b26c5.dir/build.make:65: recipe for target 'CMakeFiles/cmTC_b26c5.dir/CheckIncludeFiles.c.o' failed
make[1]: *** [CMakeFiles/cmTC_b26c5.dir/CheckIncludeFiles.c.o] Error 1
make[1]: Leaving directory '/graph_assembler/assemblers/spades/build_spades/CMakeFiles/CMakeTmp'
Makefile:126: recipe for target 'cmTC_b26c5/fast' failed
make: *** [cmTC_b26c5/fast] Error 2

Source:
/* */
#include <mach/mach.h>


int main(void){return 0;}

Determining if the function shm_open exists failed with the following output:
Change Dir: /graph_assembler/assemblers/spades/build_spades/CMakeFiles/CMakeTmp

Run Build Command:"/usr/bin/make" "cmTC_5eed8/fast"
/usr/bin/make -f CMakeFiles/cmTC_5eed8.dir/build.make CMakeFiles/cmTC_5eed8.dir/build
make[1]: Entering directory '/graph_assembler/assemblers/spades/build_spades/CMakeFiles/CMakeTmp'
Building C object CMakeFiles/cmTC_5eed8.dir/CheckFunctionExists.c.o
/usr/bin/cc    -fopenmp -DCHECK_FUNCTION_EXISTS=shm_open   -o CMakeFiles/cmTC_5eed8.dir/CheckFunctionExists.c.o   -c /usr/share/cmake-3.5/Modules/CheckFunctionExists.c
Linking C executable cmTC_5eed8
/usr/bin/cmake -E cmake_link_script CMakeFiles/cmTC_5eed8.dir/link.txt --verbose=1
/usr/bin/cc   -fopenmp -DCHECK_FUNCTION_EXISTS=shm_open    CMakeFiles/cmTC_5eed8.dir/CheckFunctionExists.c.o  -o cmTC_5eed8 -rdynamic 
CMakeFiles/cmTC_5eed8.dir/CheckFunctionExists.c.o: In function `main':
CheckFunctionExists.c:(.text+0x15): undefined reference to `shm_open'
collect2: error: ld returned 1 exit status
CMakeFiles/cmTC_5eed8.dir/build.make:97: recipe for target 'cmTC_5eed8' failed
make[1]: *** [cmTC_5eed8] Error 1
make[1]: Leaving directory '/graph_assembler/assemblers/spades/build_spades/CMakeFiles/CMakeTmp'
Makefile:126: recipe for target 'cmTC_5eed8/fast' failed
make: *** [cmTC_5eed8/fast] Error 2


